Determining if the pthread_create exist failed with the following output:
Change Dir: /home/ubuntu/catkin_ws/build/rexrov2_gazebo/CMakeFiles/CMakeTmp

Run Build Command:"/usr/bin/make" "cmTC_94ac3/fast"
/usr/bin/make -f CMakeFiles/cmTC_94ac3.dir/build.make CMakeFiles/cmTC_94ac3.dir/build
make[1]: Entering directory '/home/ubuntu/catkin_ws/build/rexrov2_gazebo/CMakeFiles/CMakeTmp'
Building C object CMakeFiles/cmTC_94ac3.dir/CheckSymbolExists.c.o
/usr/bin/cc    -o CMakeFiles/cmTC_94ac3.dir/CheckSymbolExists.c.o   -c /home/ubuntu/catkin_ws/build/rexrov2_gazebo/CMakeFiles/CMakeTmp/CheckSymbolExists.c
Linking C executable cmTC_94ac3
/usr/bin/cmake -E cmake_link_script CMakeFiles/cmTC_94ac3.dir/link.txt --verbose=1
/usr/bin/cc      -rdynamic CMakeFiles/cmTC_94ac3.dir/CheckSymbolExists.c.o  -o cmTC_94ac3 
CMakeFiles/cmTC_94ac3.dir/CheckSymbolExists.c.o: In function `main':
CheckSymbolExists.c:(.text+0x1b): undefined reference to `pthread_create'
collect2: error: ld returned 1 exit status
CMakeFiles/cmTC_94ac3.dir/build.make:97: recipe for target 'cmTC_94ac3' failed
make[1]: *** [cmTC_94ac3] Error 1
make[1]: Leaving directory '/home/ubuntu/catkin_ws/build/rexrov2_gazebo/CMakeFiles/CMakeTmp'
Makefile:126: recipe for target 'cmTC_94ac3/fast' failed
make: *** [cmTC_94ac3/fast] Error 2

File /home/ubuntu/catkin_ws/build/rexrov2_gazebo/CMakeFiles/CMakeTmp/CheckSymbolExists.c:
/* */
#include <pthread.h>

int main(int argc, char** argv)
{
  (void)argv;
#ifndef pthread_create
  return ((int*)(&pthread_create))[argc];
#else
  (void)argc;
  return 0;
#endif
}

Determining if the function pthread_create exists in the pthreads failed with the following output:
Change Dir: /home/ubuntu/catkin_ws/build/rexrov2_gazebo/CMakeFiles/CMakeTmp

Run Build Command:"/usr/bin/make" "cmTC_3dfcb/fast"
/usr/bin/make -f CMakeFiles/cmTC_3dfcb.dir/build.make CMakeFiles/cmTC_3dfcb.dir/build
make[1]: Entering directory '/home/ubuntu/catkin_ws/build/rexrov2_gazebo/CMakeFiles/CMakeTmp'
Building C object CMakeFiles/cmTC_3dfcb.dir/CheckFunctionExists.c.o
/usr/bin/cc   -DCHECK_FUNCTION_EXISTS=pthread_create   -o CMakeFiles/cmTC_3dfcb.dir/CheckFunctionExists.c.o   -c /usr/share/cmake-3.10/Modules/CheckFunctionExists.c
Linking C executable cmTC_3dfcb
/usr/bin/cmake -E cmake_link_script CMakeFiles/cmTC_3dfcb.dir/link.txt --verbose=1
/usr/bin/cc  -DCHECK_FUNCTION_EXISTS=pthread_create    -rdynamic CMakeFiles/cmTC_3dfcb.dir/CheckFunctionExists.c.o  -o cmTC_3dfcb -lpthreads 
/usr/bin/ld: cannot find -lpthreads
collect2: error: ld returned 1 exit status
CMakeFiles/cmTC_3dfcb.dir/build.make:97: recipe for target 'cmTC_3dfcb' failed
make[1]: *** [cmTC_3dfcb] Error 1
make[1]: Leaving directory '/home/ubuntu/catkin_ws/build/rexrov2_gazebo/CMakeFiles/CMakeTmp'
Makefile:126: recipe for target 'cmTC_3dfcb/fast' failed
make: *** [cmTC_3dfcb/fast] Error 2


