Determining if the pthread_create exist failed with the following output:
Change Dir: /home/ubuntu/catkin_ws/build/uuv_simulation_runner_example/CMakeFiles/CMakeTmp

Run Build Command:"/usr/bin/make" "cmTC_5cfc9/fast"
/usr/bin/make -f CMakeFiles/cmTC_5cfc9.dir/build.make CMakeFiles/cmTC_5cfc9.dir/build
make[1]: Entering directory '/home/ubuntu/catkin_ws/build/uuv_simulation_runner_example/CMakeFiles/CMakeTmp'
Building C object CMakeFiles/cmTC_5cfc9.dir/CheckSymbolExists.c.o
/usr/bin/cc    -o CMakeFiles/cmTC_5cfc9.dir/CheckSymbolExists.c.o   -c /home/ubuntu/catkin_ws/build/uuv_simulation_runner_example/CMakeFiles/CMakeTmp/CheckSymbolExists.c
Linking C executable cmTC_5cfc9
/usr/bin/cmake -E cmake_link_script CMakeFiles/cmTC_5cfc9.dir/link.txt --verbose=1
/usr/bin/cc      -rdynamic CMakeFiles/cmTC_5cfc9.dir/CheckSymbolExists.c.o  -o cmTC_5cfc9 
CMakeFiles/cmTC_5cfc9.dir/CheckSymbolExists.c.o: In function `main':
CheckSymbolExists.c:(.text+0x1b): undefined reference to `pthread_create'
collect2: error: ld returned 1 exit status
CMakeFiles/cmTC_5cfc9.dir/build.make:97: recipe for target 'cmTC_5cfc9' failed
make[1]: *** [cmTC_5cfc9] Error 1
make[1]: Leaving directory '/home/ubuntu/catkin_ws/build/uuv_simulation_runner_example/CMakeFiles/CMakeTmp'
Makefile:126: recipe for target 'cmTC_5cfc9/fast' failed
make: *** [cmTC_5cfc9/fast] Error 2

File /home/ubuntu/catkin_ws/build/uuv_simulation_runner_example/CMakeFiles/CMakeTmp/CheckSymbolExists.c:
/* */
#include <pthread.h>

int main(int argc, char** argv)
{
  (void)argv;
#ifndef pthread_create
  return ((int*)(&pthread_create))[argc];
#else
  (void)argc;
  return 0;
#endif
}

Determining if the function pthread_create exists in the pthreads failed with the following output:
Change Dir: /home/ubuntu/catkin_ws/build/uuv_simulation_runner_example/CMakeFiles/CMakeTmp

Run Build Command:"/usr/bin/make" "cmTC_ad5fd/fast"
/usr/bin/make -f CMakeFiles/cmTC_ad5fd.dir/build.make CMakeFiles/cmTC_ad5fd.dir/build
make[1]: Entering directory '/home/ubuntu/catkin_ws/build/uuv_simulation_runner_example/CMakeFiles/CMakeTmp'
Building C object CMakeFiles/cmTC_ad5fd.dir/CheckFunctionExists.c.o
/usr/bin/cc   -DCHECK_FUNCTION_EXISTS=pthread_create   -o CMakeFiles/cmTC_ad5fd.dir/CheckFunctionExists.c.o   -c /usr/share/cmake-3.10/Modules/CheckFunctionExists.c
Linking C executable cmTC_ad5fd
/usr/bin/cmake -E cmake_link_script CMakeFiles/cmTC_ad5fd.dir/link.txt --verbose=1
/usr/bin/cc  -DCHECK_FUNCTION_EXISTS=pthread_create    -rdynamic CMakeFiles/cmTC_ad5fd.dir/CheckFunctionExists.c.o  -o cmTC_ad5fd -lpthreads 
/usr/bin/ld: cannot find -lpthreads
collect2: error: ld returned 1 exit status
CMakeFiles/cmTC_ad5fd.dir/build.make:97: recipe for target 'cmTC_ad5fd' failed
make[1]: *** [cmTC_ad5fd] Error 1
make[1]: Leaving directory '/home/ubuntu/catkin_ws/build/uuv_simulation_runner_example/CMakeFiles/CMakeTmp'
Makefile:126: recipe for target 'cmTC_ad5fd/fast' failed
make: *** [cmTC_ad5fd/fast] Error 2


