Determining if the pthread_create exist failed with the following output:
Change Dir: /home/ubuntu/catkin_ws/build/propeller_description/CMakeFiles/CMakeTmp

Run Build Command:"/usr/bin/make" "cmTC_c7e69/fast"
/usr/bin/make -f CMakeFiles/cmTC_c7e69.dir/build.make CMakeFiles/cmTC_c7e69.dir/build
make[1]: Entering directory '/home/ubuntu/catkin_ws/build/propeller_description/CMakeFiles/CMakeTmp'
Building C object CMakeFiles/cmTC_c7e69.dir/CheckSymbolExists.c.o
/usr/bin/cc    -o CMakeFiles/cmTC_c7e69.dir/CheckSymbolExists.c.o   -c /home/ubuntu/catkin_ws/build/propeller_description/CMakeFiles/CMakeTmp/CheckSymbolExists.c
Linking C executable cmTC_c7e69
/usr/bin/cmake -E cmake_link_script CMakeFiles/cmTC_c7e69.dir/link.txt --verbose=1
/usr/bin/cc      -rdynamic CMakeFiles/cmTC_c7e69.dir/CheckSymbolExists.c.o  -o cmTC_c7e69 
CMakeFiles/cmTC_c7e69.dir/CheckSymbolExists.c.o: In function `main':
CheckSymbolExists.c:(.text+0x1b): undefined reference to `pthread_create'
collect2: error: ld returned 1 exit status
CMakeFiles/cmTC_c7e69.dir/build.make:97: recipe for target 'cmTC_c7e69' failed
make[1]: *** [cmTC_c7e69] Error 1
make[1]: Leaving directory '/home/ubuntu/catkin_ws/build/propeller_description/CMakeFiles/CMakeTmp'
Makefile:126: recipe for target 'cmTC_c7e69/fast' failed
make: *** [cmTC_c7e69/fast] Error 2

File /home/ubuntu/catkin_ws/build/propeller_description/CMakeFiles/CMakeTmp/CheckSymbolExists.c:
/* */
#include <pthread.h>

int main(int argc, char** argv)
{
  (void)argv;
#ifndef pthread_create
  return ((int*)(&pthread_create))[argc];
#else
  (void)argc;
  return 0;
#endif
}

Determining if the function pthread_create exists in the pthreads failed with the following output:
Change Dir: /home/ubuntu/catkin_ws/build/propeller_description/CMakeFiles/CMakeTmp

Run Build Command:"/usr/bin/make" "cmTC_62be8/fast"
/usr/bin/make -f CMakeFiles/cmTC_62be8.dir/build.make CMakeFiles/cmTC_62be8.dir/build
make[1]: Entering directory '/home/ubuntu/catkin_ws/build/propeller_description/CMakeFiles/CMakeTmp'
Building C object CMakeFiles/cmTC_62be8.dir/CheckFunctionExists.c.o
/usr/bin/cc   -DCHECK_FUNCTION_EXISTS=pthread_create   -o CMakeFiles/cmTC_62be8.dir/CheckFunctionExists.c.o   -c /usr/share/cmake-3.10/Modules/CheckFunctionExists.c
Linking C executable cmTC_62be8
/usr/bin/cmake -E cmake_link_script CMakeFiles/cmTC_62be8.dir/link.txt --verbose=1
/usr/bin/cc  -DCHECK_FUNCTION_EXISTS=pthread_create    -rdynamic CMakeFiles/cmTC_62be8.dir/CheckFunctionExists.c.o  -o cmTC_62be8 -lpthreads 
/usr/bin/ld: cannot find -lpthreads
collect2: error: ld returned 1 exit status
CMakeFiles/cmTC_62be8.dir/build.make:97: recipe for target 'cmTC_62be8' failed
make[1]: *** [cmTC_62be8] Error 1
make[1]: Leaving directory '/home/ubuntu/catkin_ws/build/propeller_description/CMakeFiles/CMakeTmp'
Makefile:126: recipe for target 'cmTC_62be8/fast' failed
make: *** [cmTC_62be8/fast] Error 2


