Determining if the pthread_create exist failed with the following output:
Change Dir: /home/ubuntu/catkin_ws/build/uuv_tutorial_dp_controller/CMakeFiles/CMakeTmp

Run Build Command:"/usr/bin/make" "cmTC_f8bd7/fast"
/usr/bin/make -f CMakeFiles/cmTC_f8bd7.dir/build.make CMakeFiles/cmTC_f8bd7.dir/build
make[1]: Entering directory '/home/ubuntu/catkin_ws/build/uuv_tutorial_dp_controller/CMakeFiles/CMakeTmp'
Building C object CMakeFiles/cmTC_f8bd7.dir/CheckSymbolExists.c.o
/usr/bin/cc    -o CMakeFiles/cmTC_f8bd7.dir/CheckSymbolExists.c.o   -c /home/ubuntu/catkin_ws/build/uuv_tutorial_dp_controller/CMakeFiles/CMakeTmp/CheckSymbolExists.c
Linking C executable cmTC_f8bd7
/usr/bin/cmake -E cmake_link_script CMakeFiles/cmTC_f8bd7.dir/link.txt --verbose=1
/usr/bin/cc      -rdynamic CMakeFiles/cmTC_f8bd7.dir/CheckSymbolExists.c.o  -o cmTC_f8bd7 
CMakeFiles/cmTC_f8bd7.dir/CheckSymbolExists.c.o: In function `main':
CheckSymbolExists.c:(.text+0x1b): undefined reference to `pthread_create'
collect2: error: ld returned 1 exit status
CMakeFiles/cmTC_f8bd7.dir/build.make:97: recipe for target 'cmTC_f8bd7' failed
make[1]: *** [cmTC_f8bd7] Error 1
make[1]: Leaving directory '/home/ubuntu/catkin_ws/build/uuv_tutorial_dp_controller/CMakeFiles/CMakeTmp'
Makefile:126: recipe for target 'cmTC_f8bd7/fast' failed
make: *** [cmTC_f8bd7/fast] Error 2

File /home/ubuntu/catkin_ws/build/uuv_tutorial_dp_controller/CMakeFiles/CMakeTmp/CheckSymbolExists.c:
/* */
#include <pthread.h>

int main(int argc, char** argv)
{
  (void)argv;
#ifndef pthread_create
  return ((int*)(&pthread_create))[argc];
#else
  (void)argc;
  return 0;
#endif
}

Determining if the function pthread_create exists in the pthreads failed with the following output:
Change Dir: /home/ubuntu/catkin_ws/build/uuv_tutorial_dp_controller/CMakeFiles/CMakeTmp

Run Build Command:"/usr/bin/make" "cmTC_c4403/fast"
/usr/bin/make -f CMakeFiles/cmTC_c4403.dir/build.make CMakeFiles/cmTC_c4403.dir/build
make[1]: Entering directory '/home/ubuntu/catkin_ws/build/uuv_tutorial_dp_controller/CMakeFiles/CMakeTmp'
Building C object CMakeFiles/cmTC_c4403.dir/CheckFunctionExists.c.o
/usr/bin/cc   -DCHECK_FUNCTION_EXISTS=pthread_create   -o CMakeFiles/cmTC_c4403.dir/CheckFunctionExists.c.o   -c /usr/share/cmake-3.10/Modules/CheckFunctionExists.c
Linking C executable cmTC_c4403
/usr/bin/cmake -E cmake_link_script CMakeFiles/cmTC_c4403.dir/link.txt --verbose=1
/usr/bin/cc  -DCHECK_FUNCTION_EXISTS=pthread_create    -rdynamic CMakeFiles/cmTC_c4403.dir/CheckFunctionExists.c.o  -o cmTC_c4403 -lpthreads 
/usr/bin/ld: cannot find -lpthreads
collect2: error: ld returned 1 exit status
CMakeFiles/cmTC_c4403.dir/build.make:97: recipe for target 'cmTC_c4403' failed
make[1]: *** [cmTC_c4403] Error 1
make[1]: Leaving directory '/home/ubuntu/catkin_ws/build/uuv_tutorial_dp_controller/CMakeFiles/CMakeTmp'
Makefile:126: recipe for target 'cmTC_c4403/fast' failed
make: *** [cmTC_c4403/fast] Error 2


